build/app/intermediates/manifest_merge_blame_file/release/manifest-merger-blame-release-report.txt
1<?xml version="1.0" encoding="utf-8"?>
2<manifest xmlns:android="http://schemas.android.com/apk/res/android"
3    package="com.ericfranzee.store"
4    android:versionCode="1"
5    android:versionName="1.0.0" >
6
7    <uses-sdk
8        android:minSdkVersion="21"
8-->src/main/AndroidManifest.xml
9        android:targetSdkVersion="34" />
9-->src/main/AndroidManifest.xml
10
11    <uses-permission android:name="android.permission.INTERNET" />
11-->src/main/AndroidManifest.xml:2:5-66
11-->src/main/AndroidManifest.xml:2:22-64
12    <uses-permission android:name="android.permission.VIBRATE" />
12-->src/main/AndroidManifest.xml:3:5-65
12-->src/main/AndroidManifest.xml:3:22-63
13    <uses-permission android:name="android.permission.ACCESS_FINE_LOCATION" />
13-->src/main/AndroidManifest.xml:4:5-79
13-->src/main/AndroidManifest.xml:4:22-76
14    <uses-permission android:name="android.permission.ACCESS_COARSE_LOCATION" />
14-->src/main/AndroidManifest.xml:5:5-81
14-->src/main/AndroidManifest.xml:5:22-78
15    <uses-permission android:name="android.permission.WRITE_EXTERNAL_STORAGE" />
15-->src/main/AndroidManifest.xml:6:5-80
15-->src/main/AndroidManifest.xml:6:22-78
16    <uses-permission android:name="android.permission.READ_EXTERNAL_STORAGE" />
16-->src/main/AndroidManifest.xml:7:5-79
16-->src/main/AndroidManifest.xml:7:22-77
17    <uses-permission android:name="android.permission.WRITE_CALENDAR" />
17-->src/main/AndroidManifest.xml:8:5-73
17-->src/main/AndroidManifest.xml:8:22-70
18    <uses-permission android:name="android.permission.READ_CALENDAR" />
18-->src/main/AndroidManifest.xml:9:5-72
18-->src/main/AndroidManifest.xml:9:22-69
19
20    <queries>
20-->src/main/AndroidManifest.xml:11:5-16:15
21        <intent>
21-->src/main/AndroidManifest.xml:12:9-15:18
22            <action android:name="android.intent.action.INSERT" />
22-->src/main/AndroidManifest.xml:13:13-67
22-->src/main/AndroidManifest.xml:13:21-64
23
24            <data android:mimeType="vnd.android.cursor.item/event" />
24-->src/main/AndroidManifest.xml:14:13-70
24-->src/main/AndroidManifest.xml:14:19-67
25        </intent>
26        <intent>
26-->[:flutter_downloader] AndroidManifest.xml:11:9-13:18
27            <action android:name="android.intent.action.VIEW" />
27-->src/main/AndroidManifest.xml:20:13-21:60
27-->src/main/AndroidManifest.xml:21:17-58
28        </intent>
29
30        <package android:name="com.google.android.apps.maps" />
30-->[:map_launcher] AndroidManifest.xml:10:9-64
30-->[:map_launcher] AndroidManifest.xml:10:18-61
31        <package android:name="com.google.android.apps.mapslite" />
31-->[:map_launcher] AndroidManifest.xml:11:9-68
31-->[:map_launcher] AndroidManifest.xml:11:18-65
32        <package android:name="com.autonavi.minimap" />
32-->[:map_launcher] AndroidManifest.xml:12:9-56
32-->[:map_launcher] AndroidManifest.xml:12:18-53
33        <package android:name="com.baidu.BaiduMap" />
33-->[:map_launcher] AndroidManifest.xml:13:9-54
33-->[:map_launcher] AndroidManifest.xml:13:18-51
34        <package android:name="com.waze" />
34-->[:map_launcher] AndroidManifest.xml:14:9-44
34-->[:map_launcher] AndroidManifest.xml:14:18-41
35        <package android:name="ru.yandex.yandexnavi" />
35-->[:map_launcher] AndroidManifest.xml:15:9-56
35-->[:map_launcher] AndroidManifest.xml:15:18-53
36        <package android:name="ru.yandex.yandexmaps" />
36-->[:map_launcher] AndroidManifest.xml:16:9-56
36-->[:map_launcher] AndroidManifest.xml:16:18-53
37        <package android:name="com.citymapper.app.release" />
37-->[:map_launcher] AndroidManifest.xml:17:9-62
37-->[:map_launcher] AndroidManifest.xml:17:18-59
38        <package android:name="com.mapswithme.maps.pro" />
38-->[:map_launcher] AndroidManifest.xml:18:9-59
38-->[:map_launcher] AndroidManifest.xml:18:18-56
39        <package android:name="net.osmand" />
39-->[:map_launcher] AndroidManifest.xml:19:9-46
39-->[:map_launcher] AndroidManifest.xml:19:18-43
40        <package android:name="net.osmand.plus" />
40-->[:map_launcher] AndroidManifest.xml:20:9-51
40-->[:map_launcher] AndroidManifest.xml:20:18-48
41        <package android:name="ru.dublgis.dgismobile" />
41-->[:map_launcher] AndroidManifest.xml:21:9-57
41-->[:map_launcher] AndroidManifest.xml:21:18-54
42        <package android:name="com.tencent.map" />
42-->[:map_launcher] AndroidManifest.xml:22:9-51
42-->[:map_launcher] AndroidManifest.xml:22:18-48
43        <package android:name="com.here.app.maps" />
43-->[:map_launcher] AndroidManifest.xml:23:9-53
43-->[:map_launcher] AndroidManifest.xml:23:18-50
44        <package android:name="com.huawei.maps.app" />
44-->[:map_launcher] AndroidManifest.xml:24:9-55
44-->[:map_launcher] AndroidManifest.xml:24:18-52
45        <package android:name="com.facebook.katana" />
45-->[com.facebook.android:facebook-common:16.2.0] AndroidManifest.xml:18:9-55
45-->[com.facebook.android:facebook-common:16.2.0] AndroidManifest.xml:18:18-52
46    </queries>
47    <queries>
47-->src/main/AndroidManifest.xml:11:5-16:15
48        <intent>
48-->src/main/AndroidManifest.xml:19:9-24:18
49            <action android:name="android.intent.action.VIEW" />
49-->src/main/AndroidManifest.xml:20:13-21:60
49-->src/main/AndroidManifest.xml:21:17-58
50
51            <data android:scheme="sms" />
51-->src/main/AndroidManifest.xml:14:13-70
51-->src/main/AndroidManifest.xml:23:17-37
52        </intent>
53        <intent>
53-->src/main/AndroidManifest.xml:25:9-30:18
54            <action android:name="android.intent.action.VIEW" />
54-->src/main/AndroidManifest.xml:20:13-21:60
54-->src/main/AndroidManifest.xml:21:17-58
55
56            <data android:scheme="tel" />
56-->src/main/AndroidManifest.xml:14:13-70
56-->src/main/AndroidManifest.xml:23:17-37
57        </intent>
58    </queries>
59
60    <uses-permission android:name="android.permission.ACCESS_NETWORK_STATE" />
60-->[:connectivity_plus] AndroidManifest.xml:9:5-79
60-->[:connectivity_plus] AndroidManifest.xml:9:22-76
61    <uses-permission android:name="android.permission.WAKE_LOCK" /> <!-- Permissions options for the `notification` group -->
61-->[:firebase_messaging] AndroidManifest.xml:10:5-68
61-->[:firebase_messaging] AndroidManifest.xml:10:22-65
62    <uses-permission android:name="android.permission.POST_NOTIFICATIONS" />
62-->[:firebase_messaging] AndroidManifest.xml:13:5-77
62-->[:firebase_messaging] AndroidManifest.xml:13:22-74
63
64    <uses-feature
64-->[com.google.android.gms:play-services-maps:18.2.0] AndroidManifest.xml:26:5-28:35
65        android:glEsVersion="0x00020000"
65-->[com.google.android.gms:play-services-maps:18.2.0] AndroidManifest.xml:27:9-41
66        android:required="true" /> <!-- Required by older versions of Google Play services to create IID tokens -->
66-->[com.google.android.gms:play-services-maps:18.2.0] AndroidManifest.xml:28:9-32
67    <uses-permission android:name="com.google.android.c2dm.permission.RECEIVE" />
67-->[com.google.firebase:firebase-messaging:23.3.1] AndroidManifest.xml:26:5-82
67-->[com.google.firebase:firebase-messaging:23.3.1] AndroidManifest.xml:26:22-79
68    <uses-permission android:name="android.permission.RECEIVE_BOOT_COMPLETED" />
68-->[androidx.work:work-runtime:2.7.1] AndroidManifest.xml:27:5-81
68-->[androidx.work:work-runtime:2.7.1] AndroidManifest.xml:27:22-78
69    <uses-permission android:name="android.permission.FOREGROUND_SERVICE" />
69-->[androidx.work:work-runtime:2.7.1] AndroidManifest.xml:28:5-77
69-->[androidx.work:work-runtime:2.7.1] AndroidManifest.xml:28:22-74
70    <uses-permission android:name="com.google.android.gms.permission.AD_ID" />
70-->[com.facebook.android:facebook-core:16.2.0] AndroidManifest.xml:16:5-79
70-->[com.facebook.android:facebook-core:16.2.0] AndroidManifest.xml:16:22-76
71
72    <permission
72-->[androidx.core:core:1.10.1] AndroidManifest.xml:22:5-24:47
73        android:name="com.ericfranzee.store.DYNAMIC_RECEIVER_NOT_EXPORTED_PERMISSION"
73-->[androidx.core:core:1.10.1] AndroidManifest.xml:23:9-81
74        android:protectionLevel="signature" />
74-->[androidx.core:core:1.10.1] AndroidManifest.xml:24:9-44
75
76    <uses-permission android:name="com.ericfranzee.store.DYNAMIC_RECEIVER_NOT_EXPORTED_PERMISSION" />
76-->[androidx.core:core:1.10.1] AndroidManifest.xml:26:5-97
76-->[androidx.core:core:1.10.1] AndroidManifest.xml:26:22-94
77    <uses-permission android:name="com.google.android.finsky.permission.BIND_GET_INSTALL_REFERRER_SERVICE" />
77-->[com.android.installreferrer:installreferrer:1.0] AndroidManifest.xml:9:5-110
77-->[com.android.installreferrer:installreferrer:1.0] AndroidManifest.xml:9:22-107
78
79    <application
80        android:name="android.app.Application"
80-->src/main/AndroidManifest.xml:34:9-42
81        android:appComponentFactory="androidx.core.app.CoreComponentFactory"
81-->[androidx.core:core:1.10.1] AndroidManifest.xml:28:18-86
82        android:icon="@mipmap/ic_launcher"
82-->src/main/AndroidManifest.xml:35:9-43
83        android:label="CeaZed"
83-->src/main/AndroidManifest.xml:33:9-31
84        android:supportsRtl="true" >
84-->[com.facebook.android:facebook-login:16.2.0] AndroidManifest.xml:16:18-44
85        <meta-data
85-->src/main/AndroidManifest.xml:36:9-38:54
86            android:name="com.facebook.sdk.ApplicationId"
86-->src/main/AndroidManifest.xml:37:13-58
87            android:value="@string/facebook_app_id" />
87-->src/main/AndroidManifest.xml:38:13-52
88        <meta-data
88-->src/main/AndroidManifest.xml:39:9-41:60
89            android:name="com.facebook.sdk.ClientToken"
89-->src/main/AndroidManifest.xml:40:13-56
90            android:value="@string/facebook_client_token" />
90-->src/main/AndroidManifest.xml:41:13-58
91        <meta-data
91-->src/main/AndroidManifest.xml:42:9-43:70
92            android:name="com.google.android.geo.API_KEY"
92-->src/main/AndroidManifest.xml:42:20-65
93            android:value="AIzaSyCuDSljHjF4pKT9yJWtnJgsCXf6rxi40Tg" />
93-->src/main/AndroidManifest.xml:43:13-68
94
95        <activity
95-->src/main/AndroidManifest.xml:46:9-66:20
96            android:name="com.ericfranzee.store.MainActivity"
96-->src/main/AndroidManifest.xml:47:13-41
97            android:configChanges="orientation|keyboardHidden|keyboard|screenSize|smallestScreenSize|locale|layoutDirection|fontScale|screenLayout|density|uiMode"
97-->src/main/AndroidManifest.xml:51:13-163
98            android:exported="true"
98-->src/main/AndroidManifest.xml:48:13-36
99            android:hardwareAccelerated="true"
99-->src/main/AndroidManifest.xml:52:13-47
100            android:launchMode="singleTop"
100-->src/main/AndroidManifest.xml:49:13-43
101            android:theme="@style/LaunchTheme"
101-->src/main/AndroidManifest.xml:50:13-47
102            android:windowSoftInputMode="adjustResize" >
102-->src/main/AndroidManifest.xml:53:13-55
103
104            <!--
105                 Specifies an Android theme to apply to this Activity as soon as
106                 the Android process has started. This theme is visible to the user
107                 while the Flutter UI initializes. After that, this theme continues
108                 to determine the Window background behind the Flutter UI.
109            -->
110            <meta-data
110-->src/main/AndroidManifest.xml:58:13-61:17
111                android:name="io.flutter.embedding.android.NormalTheme"
111-->src/main/AndroidManifest.xml:59:15-70
112                android:resource="@style/NormalTheme" />
112-->src/main/AndroidManifest.xml:60:15-52
113
114            <intent-filter>
114-->src/main/AndroidManifest.xml:62:13-65:29
115                <action android:name="android.intent.action.MAIN" />
115-->src/main/AndroidManifest.xml:63:17-68
115-->src/main/AndroidManifest.xml:63:25-66
116
117                <category android:name="android.intent.category.LAUNCHER" />
117-->src/main/AndroidManifest.xml:64:17-76
117-->src/main/AndroidManifest.xml:64:27-74
118            </intent-filter>
119        </activity>
120        <!--
121             Don't delete the meta-data below.
122             This is used by the Flutter tool to generate GeneratedPluginRegistrant.java
123        -->
124        <meta-data
124-->src/main/AndroidManifest.xml:69:9-71:33
125            android:name="flutterEmbedding"
125-->src/main/AndroidManifest.xml:70:13-44
126            android:value="2" />
126-->src/main/AndroidManifest.xml:71:13-30
127
128        <provider
129            android:name="vn.hunghd.flutterdownloader.DownloadedFileProvider"
129-->src/main/AndroidManifest.xml:73:13-78
130            android:authorities="com.ericfranzee.store.flutter_downloader.provider"
130-->src/main/AndroidManifest.xml:74:13-79
131            android:exported="false"
131-->src/main/AndroidManifest.xml:75:13-37
132            android:grantUriPermissions="true" >
132-->src/main/AndroidManifest.xml:76:13-47
133            <meta-data
133-->src/main/AndroidManifest.xml:77:13-79:57
134                android:name="android.support.FILE_PROVIDER_PATHS"
134-->src/main/AndroidManifest.xml:78:17-67
135                android:resource="@xml/provider_paths" />
135-->src/main/AndroidManifest.xml:79:17-55
136        </provider>
137
138        <service
138-->[:cloud_firestore] AndroidManifest.xml:10:9-14:19
139            android:name="com.google.firebase.components.ComponentDiscoveryService"
139-->[:cloud_firestore] AndroidManifest.xml:10:18-89
140            android:directBootAware="true"
140-->[com.google.firebase:firebase-common:20.4.2] AndroidManifest.xml:32:13-43
141            android:exported="false" >
141-->[com.google.firebase:firebase-auth:22.3.0] AndroidManifest.xml:68:13-37
142            <meta-data
142-->[:cloud_firestore] AndroidManifest.xml:11:13-13:85
143                android:name="com.google.firebase.components:io.flutter.plugins.firebase.firestore.FlutterFirebaseFirestoreRegistrar"
143-->[:cloud_firestore] AndroidManifest.xml:12:17-134
144                android:value="com.google.firebase.components.ComponentRegistrar" />
144-->[:cloud_firestore] AndroidManifest.xml:13:17-82
145            <meta-data
145-->[:firebase_auth] AndroidManifest.xml:11:13-13:85
146                android:name="com.google.firebase.components:io.flutter.plugins.firebase.auth.FlutterFirebaseAuthRegistrar"
146-->[:firebase_auth] AndroidManifest.xml:12:17-124
147                android:value="com.google.firebase.components.ComponentRegistrar" />
147-->[:firebase_auth] AndroidManifest.xml:13:17-82
148            <meta-data
148-->[:firebase_dynamic_links] AndroidManifest.xml:13:13-15:85
149                android:name="com.google.firebase.components:io.flutter.plugins.firebase.dynamiclinks.FlutterFirebaseAppRegistrar"
149-->[:firebase_dynamic_links] AndroidManifest.xml:14:17-131
150                android:value="com.google.firebase.components.ComponentRegistrar" />
150-->[:firebase_dynamic_links] AndroidManifest.xml:15:17-82
151            <meta-data
151-->[:firebase_messaging] AndroidManifest.xml:38:13-40:85
152                android:name="com.google.firebase.components:io.flutter.plugins.firebase.messaging.FlutterFirebaseAppRegistrar"
152-->[:firebase_messaging] AndroidManifest.xml:39:17-128
153                android:value="com.google.firebase.components.ComponentRegistrar" />
153-->[:firebase_messaging] AndroidManifest.xml:40:17-82
154            <meta-data
154-->[:firebase_core] AndroidManifest.xml:11:13-13:85
155                android:name="com.google.firebase.components:io.flutter.plugins.firebase.core.FlutterFirebaseCoreRegistrar"
155-->[:firebase_core] AndroidManifest.xml:12:17-124
156                android:value="com.google.firebase.components.ComponentRegistrar" />
156-->[:firebase_core] AndroidManifest.xml:13:17-82
157            <meta-data
157-->[com.google.firebase:firebase-auth:22.3.0] AndroidManifest.xml:69:13-71:85
158                android:name="com.google.firebase.components:com.google.firebase.auth.FirebaseAuthRegistrar"
158-->[com.google.firebase:firebase-auth:22.3.0] AndroidManifest.xml:70:17-109
159                android:value="com.google.firebase.components.ComponentRegistrar" />
159-->[com.google.firebase:firebase-auth:22.3.0] AndroidManifest.xml:71:17-82
160            <meta-data
160-->[com.google.firebase:firebase-firestore:24.9.1] AndroidManifest.xml:17:13-19:85
161                android:name="com.google.firebase.components:com.google.firebase.firestore.FirebaseFirestoreKtxRegistrar"
161-->[com.google.firebase:firebase-firestore:24.9.1] AndroidManifest.xml:18:17-122
162                android:value="com.google.firebase.components.ComponentRegistrar" />
162-->[com.google.firebase:firebase-firestore:24.9.1] AndroidManifest.xml:19:17-82
163            <meta-data
163-->[com.google.firebase:firebase-firestore:24.9.1] AndroidManifest.xml:20:13-22:85
164                android:name="com.google.firebase.components:com.google.firebase.firestore.FirestoreRegistrar"
164-->[com.google.firebase:firebase-firestore:24.9.1] AndroidManifest.xml:21:17-111
165                android:value="com.google.firebase.components.ComponentRegistrar" />
165-->[com.google.firebase:firebase-firestore:24.9.1] AndroidManifest.xml:22:17-82
166            <meta-data
166-->[com.google.firebase:firebase-messaging:23.3.1] AndroidManifest.xml:57:13-59:85
167                android:name="com.google.firebase.components:com.google.firebase.messaging.FirebaseMessagingKtxRegistrar"
167-->[com.google.firebase:firebase-messaging:23.3.1] AndroidManifest.xml:58:17-122
168                android:value="com.google.firebase.components.ComponentRegistrar" />
168-->[com.google.firebase:firebase-messaging:23.3.1] AndroidManifest.xml:59:17-82
169            <meta-data
169-->[com.google.firebase:firebase-messaging:23.3.1] AndroidManifest.xml:60:13-62:85
170                android:name="com.google.firebase.components:com.google.firebase.messaging.FirebaseMessagingRegistrar"
170-->[com.google.firebase:firebase-messaging:23.3.1] AndroidManifest.xml:61:17-119
171                android:value="com.google.firebase.components.ComponentRegistrar" />
171-->[com.google.firebase:firebase-messaging:23.3.1] AndroidManifest.xml:62:17-82
172            <meta-data
172-->[com.google.firebase:firebase-dynamic-links:21.2.0] AndroidManifest.xml:24:13-26:85
173                android:name="com.google.firebase.components:com.google.firebase.dynamiclinks.FirebaseDynamicLinksKtxRegistrar"
173-->[com.google.firebase:firebase-dynamic-links:21.2.0] AndroidManifest.xml:25:17-128
174                android:value="com.google.firebase.components.ComponentRegistrar" />
174-->[com.google.firebase:firebase-dynamic-links:21.2.0] AndroidManifest.xml:26:17-82
175            <meta-data
175-->[com.google.firebase:firebase-dynamic-links:21.2.0] AndroidManifest.xml:27:13-29:85
176                android:name="com.google.firebase.components:com.google.firebase.dynamiclinks.internal.FirebaseDynamicLinkRegistrar"
176-->[com.google.firebase:firebase-dynamic-links:21.2.0] AndroidManifest.xml:28:17-133
177                android:value="com.google.firebase.components.ComponentRegistrar" />
177-->[com.google.firebase:firebase-dynamic-links:21.2.0] AndroidManifest.xml:29:17-82
178            <meta-data
178-->[com.google.firebase:firebase-iid:21.1.0] AndroidManifest.xml:32:13-34:85
179                android:name="com.google.firebase.components:com.google.firebase.iid.Registrar"
179-->[com.google.firebase:firebase-iid:21.1.0] AndroidManifest.xml:33:17-96
180                android:value="com.google.firebase.components.ComponentRegistrar" />
180-->[com.google.firebase:firebase-iid:21.1.0] AndroidManifest.xml:34:17-82
181            <meta-data
181-->[com.google.firebase:firebase-installations:17.2.0] AndroidManifest.xml:15:13-17:85
182                android:name="com.google.firebase.components:com.google.firebase.installations.FirebaseInstallationsKtxRegistrar"
182-->[com.google.firebase:firebase-installations:17.2.0] AndroidManifest.xml:16:17-130
183                android:value="com.google.firebase.components.ComponentRegistrar" />
183-->[com.google.firebase:firebase-installations:17.2.0] AndroidManifest.xml:17:17-82
184            <meta-data
184-->[com.google.firebase:firebase-installations:17.2.0] AndroidManifest.xml:18:13-20:85
185                android:name="com.google.firebase.components:com.google.firebase.installations.FirebaseInstallationsRegistrar"
185-->[com.google.firebase:firebase-installations:17.2.0] AndroidManifest.xml:19:17-127
186                android:value="com.google.firebase.components.ComponentRegistrar" />
186-->[com.google.firebase:firebase-installations:17.2.0] AndroidManifest.xml:20:17-82
187            <meta-data
187-->[com.google.firebase:firebase-common-ktx:20.4.2] AndroidManifest.xml:12:13-14:85
188                android:name="com.google.firebase.components:com.google.firebase.ktx.FirebaseCommonLegacyRegistrar"
188-->[com.google.firebase:firebase-common-ktx:20.4.2] AndroidManifest.xml:13:17-116
189                android:value="com.google.firebase.components.ComponentRegistrar" />
189-->[com.google.firebase:firebase-common-ktx:20.4.2] AndroidManifest.xml:14:17-82
190            <meta-data
190-->[com.google.firebase:firebase-common:20.4.2] AndroidManifest.xml:35:13-37:85
191                android:name="com.google.firebase.components:com.google.firebase.FirebaseCommonKtxRegistrar"
191-->[com.google.firebase:firebase-common:20.4.2] AndroidManifest.xml:36:17-109
192                android:value="com.google.firebase.components.ComponentRegistrar" />
192-->[com.google.firebase:firebase-common:20.4.2] AndroidManifest.xml:37:17-82
193            <meta-data
193-->[com.google.firebase:firebase-datatransport:18.1.7] AndroidManifest.xml:27:13-29:85
194                android:name="com.google.firebase.components:com.google.firebase.datatransport.TransportRegistrar"
194-->[com.google.firebase:firebase-datatransport:18.1.7] AndroidManifest.xml:28:17-115
195                android:value="com.google.firebase.components.ComponentRegistrar" />
195-->[com.google.firebase:firebase-datatransport:18.1.7] AndroidManifest.xml:29:17-82
196        </service>
197        <service
197-->[:firebase_messaging] AndroidManifest.xml:16:9-19:72
198            android:name="io.flutter.plugins.firebase.messaging.FlutterFirebaseMessagingBackgroundService"
198-->[:firebase_messaging] AndroidManifest.xml:17:13-107
199            android:exported="false"
199-->[:firebase_messaging] AndroidManifest.xml:18:13-37
200            android:permission="android.permission.BIND_JOB_SERVICE" />
200-->[:firebase_messaging] AndroidManifest.xml:19:13-69
201        <service
201-->[:firebase_messaging] AndroidManifest.xml:20:9-26:19
202            android:name="io.flutter.plugins.firebase.messaging.FlutterFirebaseMessagingService"
202-->[:firebase_messaging] AndroidManifest.xml:21:13-97
203            android:exported="false" >
203-->[:firebase_messaging] AndroidManifest.xml:22:13-37
204            <intent-filter>
204-->[:firebase_messaging] AndroidManifest.xml:23:13-25:29
205                <action android:name="com.google.firebase.MESSAGING_EVENT" />
205-->[:firebase_messaging] AndroidManifest.xml:24:17-78
205-->[:firebase_messaging] AndroidManifest.xml:24:25-75
206            </intent-filter>
207        </service>
208
209        <receiver
209-->[:firebase_messaging] AndroidManifest.xml:28:9-35:20
210            android:name="io.flutter.plugins.firebase.messaging.FlutterFirebaseMessagingReceiver"
210-->[:firebase_messaging] AndroidManifest.xml:29:13-98
211            android:exported="true"
211-->[:firebase_messaging] AndroidManifest.xml:30:13-36
212            android:permission="com.google.android.c2dm.permission.SEND" >
212-->[:firebase_messaging] AndroidManifest.xml:31:13-73
213            <intent-filter>
213-->[:firebase_messaging] AndroidManifest.xml:32:13-34:29
214                <action android:name="com.google.android.c2dm.intent.RECEIVE" />
214-->[:firebase_messaging] AndroidManifest.xml:33:17-81
214-->[:firebase_messaging] AndroidManifest.xml:33:25-78
215            </intent-filter>
216        </receiver>
217
218        <provider
218-->[:firebase_messaging] AndroidManifest.xml:43:9-47:38
219            android:name="io.flutter.plugins.firebase.messaging.FlutterFirebaseMessagingInitProvider"
219-->[:firebase_messaging] AndroidManifest.xml:44:13-102
220            android:authorities="com.ericfranzee.store.flutterfirebasemessaginginitprovider"
220-->[:firebase_messaging] AndroidManifest.xml:45:13-88
221            android:exported="false"
221-->[:firebase_messaging] AndroidManifest.xml:46:13-37
222            android:initOrder="99" />
222-->[:firebase_messaging] AndroidManifest.xml:47:13-35
223        <provider
223-->[:image_picker_android] AndroidManifest.xml:10:9-18:20
224            android:name="io.flutter.plugins.imagepicker.ImagePickerFileProvider"
224-->[:image_picker_android] AndroidManifest.xml:11:13-82
225            android:authorities="com.ericfranzee.store.flutter.image_provider"
225-->[:image_picker_android] AndroidManifest.xml:12:13-74
226            android:exported="false"
226-->[:image_picker_android] AndroidManifest.xml:13:13-37
227            android:grantUriPermissions="true" >
227-->[:image_picker_android] AndroidManifest.xml:14:13-47
228            <meta-data
228-->src/main/AndroidManifest.xml:77:13-79:57
229                android:name="android.support.FILE_PROVIDER_PATHS"
229-->src/main/AndroidManifest.xml:78:17-67
230                android:resource="@xml/flutter_image_picker_file_paths" />
230-->src/main/AndroidManifest.xml:79:17-55
231        </provider>
232
233        <service
233-->[:geolocator_android] AndroidManifest.xml:10:9-14:56
234            android:name="com.baseflow.geolocator.GeolocatorLocationService"
234-->[:geolocator_android] AndroidManifest.xml:11:13-77
235            android:enabled="true"
235-->[:geolocator_android] AndroidManifest.xml:12:13-35
236            android:exported="false"
236-->[:geolocator_android] AndroidManifest.xml:13:13-37
237            android:foregroundServiceType="location" />
237-->[:geolocator_android] AndroidManifest.xml:14:13-53
238
239        <activity
239-->[:url_launcher_android] AndroidManifest.xml:10:9-13:74
240            android:name="io.flutter.plugins.urllauncher.WebViewActivity"
240-->[:url_launcher_android] AndroidManifest.xml:11:13-74
241            android:exported="false"
241-->[:url_launcher_android] AndroidManifest.xml:12:13-37
242            android:theme="@android:style/Theme.NoTitleBar.Fullscreen" />
242-->[:url_launcher_android] AndroidManifest.xml:13:13-71
243        <activity
243-->[com.facebook.android:facebook-common:16.2.0] AndroidManifest.xml:22:9-25:66
244            android:name="com.facebook.FacebookActivity"
244-->[com.facebook.android:facebook-common:16.2.0] AndroidManifest.xml:23:13-57
245            android:configChanges="keyboard|keyboardHidden|screenLayout|screenSize|orientation"
245-->[com.facebook.android:facebook-common:16.2.0] AndroidManifest.xml:24:13-96
246            android:theme="@style/com_facebook_activity_theme" />
246-->[com.facebook.android:facebook-common:16.2.0] AndroidManifest.xml:25:13-63
247        <activity android:name="com.facebook.CustomTabMainActivity" />
247-->[com.facebook.android:facebook-common:16.2.0] AndroidManifest.xml:26:9-71
247-->[com.facebook.android:facebook-common:16.2.0] AndroidManifest.xml:26:19-68
248        <activity
248-->[com.facebook.android:facebook-common:16.2.0] AndroidManifest.xml:27:9-41:20
249            android:name="com.facebook.CustomTabActivity"
249-->[com.facebook.android:facebook-common:16.2.0] AndroidManifest.xml:28:13-58
250            android:exported="true" >
250-->[com.facebook.android:facebook-common:16.2.0] AndroidManifest.xml:29:13-36
251            <intent-filter>
251-->[com.facebook.android:facebook-common:16.2.0] AndroidManifest.xml:31:13-40:29
252                <action android:name="android.intent.action.VIEW" />
252-->src/main/AndroidManifest.xml:20:13-21:60
252-->src/main/AndroidManifest.xml:21:17-58
253
254                <category android:name="android.intent.category.DEFAULT" />
254-->[com.facebook.android:facebook-common:16.2.0] AndroidManifest.xml:34:17-76
254-->[com.facebook.android:facebook-common:16.2.0] AndroidManifest.xml:34:27-73
255                <category android:name="android.intent.category.BROWSABLE" />
255-->[com.facebook.android:facebook-common:16.2.0] AndroidManifest.xml:35:17-78
255-->[com.facebook.android:facebook-common:16.2.0] AndroidManifest.xml:35:27-75
256
257                <data
257-->src/main/AndroidManifest.xml:14:13-70
258                    android:host="cct.com.ericfranzee.store"
259                    android:scheme="fbconnect" />
259-->src/main/AndroidManifest.xml:23:17-37
260            </intent-filter>
261        </activity> <!-- Needs to be explicitly declared on P+ -->
262        <uses-library
262-->[com.google.android.gms:play-services-maps:18.2.0] AndroidManifest.xml:39:9-41:40
263            android:name="org.apache.http.legacy"
263-->[com.google.android.gms:play-services-maps:18.2.0] AndroidManifest.xml:40:13-50
264            android:required="false" />
264-->[com.google.android.gms:play-services-maps:18.2.0] AndroidManifest.xml:41:13-37
265
266        <activity
266-->[com.google.android.gms:play-services-auth:20.7.0] AndroidManifest.xml:23:9-27:75
267            android:name="com.google.android.gms.auth.api.signin.internal.SignInHubActivity"
267-->[com.google.android.gms:play-services-auth:20.7.0] AndroidManifest.xml:24:13-93
268            android:excludeFromRecents="true"
268-->[com.google.android.gms:play-services-auth:20.7.0] AndroidManifest.xml:25:13-46
269            android:exported="false"
269-->[com.google.android.gms:play-services-auth:20.7.0] AndroidManifest.xml:26:13-37
270            android:theme="@android:style/Theme.Translucent.NoTitleBar" />
270-->[com.google.android.gms:play-services-auth:20.7.0] AndroidManifest.xml:27:13-72
271        <!--